25/34/2022 12:34:39.090 {main} DEBUG _.s.web.servlet.HandlerMapping.Mappings  - 
	c.n.b.c.BoardController:
	{DELETE [/boards/deleteBoard/{email}/{boardId}]}: deleteBoard(String,int,HttpServletRequest)
	{PUT [/boards/updateBoard/{email}]}: updateBoard(Board,String)
	{GET [/boards/getBoard/{email}/{boardId}]}: getBoard(String,int)
	{POST [/boards/addBoard/{email}]}: addNewBoard(Board,String,HttpServletRequest)
25/34/2022 12:34:39.109 {main} DEBUG o.s.w.s.m.m.a.RequestMappingHandlerMapping  - 4 mappings in org.springframework.web.servlet.mvc.method.annotation.RequestMappingHandlerMapping
25/34/2022 12:34:39.854 {main} DEBUG o.s.w.s.m.m.a.RequestMappingHandlerAdapter  - ControllerAdvice beans: 0 @ModelAttribute, 0 @InitBinder, 1 RequestBodyAdvice, 1 ResponseBodyAdvice
25/34/2022 12:34:39.898 {main} DEBUG o.s.w.s.m.m.a.ExceptionHandlerExceptionResolver  - ControllerAdvice beans: 0 @ExceptionHandler, 1 ResponseBodyAdvice
25/34/2022 12:34:39.928 {main} INFO  org.springframework.mock.web.MockServletContext  - Initializing Spring TestDispatcherServlet ''
25/34/2022 12:34:39.929 {main} INFO  o.s.test.web.servlet.TestDispatcherServlet  - Initializing Servlet ''
25/34/2022 12:34:39.933 {main} DEBUG o.s.test.web.servlet.TestDispatcherServlet  - Detected AcceptHeaderLocaleResolver
25/34/2022 12:34:39.933 {main} DEBUG o.s.test.web.servlet.TestDispatcherServlet  - Detected FixedThemeResolver
25/34/2022 12:34:39.934 {main} DEBUG o.s.test.web.servlet.TestDispatcherServlet  - Detected org.springframework.web.servlet.view.DefaultRequestToViewNameTranslator@3e33d73e
25/34/2022 12:34:39.935 {main} DEBUG o.s.test.web.servlet.TestDispatcherServlet  - Detected org.springframework.web.servlet.support.SessionFlashMapManager@6981f8f3
25/34/2022 12:34:39.935 {main} DEBUG o.s.test.web.servlet.TestDispatcherServlet  - enableLoggingRequestDetails='false': request parameters and headers will be masked to prevent unsafe logging of potentially sensitive data
25/34/2022 12:34:39.935 {main} INFO  o.s.test.web.servlet.TestDispatcherServlet  - Completed initialization in 5 ms
25/34/2022 12:34:40.026 {main} DEBUG o.s.test.web.servlet.TestDispatcherServlet  - GET "/boards/getBoard/test@email.com/1", parameters={}
25/34/2022 12:34:40.034 {main} DEBUG o.s.w.s.m.m.a.RequestMappingHandlerMapping  - Mapped to com.niit.boards.controller.BoardController#getBoard(String, int)
25/34/2022 12:34:40.177 {main} DEBUG o.s.w.s.m.m.annotation.HttpEntityMethodProcessor  - Using 'application/json', given [*/*] and supported [application/json, application/*+json]
25/34/2022 12:34:40.365 {main} DEBUG o.s.w.s.m.m.annotation.HttpEntityMethodProcessor  - Writing [Board(boardId=1, boardName=test board, boardDescription=testing purpose only, availableTaskStatus=[i (truncated)...]
25/34/2022 12:34:40.406 {main} DEBUG o.s.test.web.servlet.TestDispatcherServlet  - Completed 200 OK
