23/48/2022 17:48:16.159 {main} DEBUG _.s.web.servlet.HandlerMapping.Mappings  - 
	c.n.u.c.UserController:
	{POST [/user/register]}: register(User)
	{PUT [/user/board/addBoard/{email}/{boardId}]}: addBoard(String,int,HttpServletRequest)
	{GET [/user/board/all/{email}]}: getAllBoards(String)
	{DELETE [/user/board/deleteBoard/{email}/{boardId}]}: deleteBoard(String,int)
23/48/2022 17:48:16.169 {main} DEBUG o.s.w.s.m.m.a.RequestMappingHandlerMapping  - 4 mappings in org.springframework.web.servlet.mvc.method.annotation.RequestMappingHandlerMapping
23/48/2022 17:48:16.812 {main} DEBUG o.s.w.s.m.m.a.RequestMappingHandlerAdapter  - ControllerAdvice beans: 0 @ModelAttribute, 0 @InitBinder, 1 RequestBodyAdvice, 1 ResponseBodyAdvice
23/48/2022 17:48:16.858 {main} DEBUG o.s.w.s.m.m.a.ExceptionHandlerExceptionResolver  - ControllerAdvice beans: 0 @ExceptionHandler, 1 ResponseBodyAdvice
23/48/2022 17:48:16.889 {main} INFO  org.springframework.mock.web.MockServletContext  - Initializing Spring TestDispatcherServlet ''
23/48/2022 17:48:16.889 {main} INFO  o.s.test.web.servlet.TestDispatcherServlet  - Initializing Servlet ''
23/48/2022 17:48:16.892 {main} DEBUG o.s.test.web.servlet.TestDispatcherServlet  - Detected AcceptHeaderLocaleResolver
23/48/2022 17:48:16.892 {main} DEBUG o.s.test.web.servlet.TestDispatcherServlet  - Detected FixedThemeResolver
23/48/2022 17:48:16.893 {main} DEBUG o.s.test.web.servlet.TestDispatcherServlet  - Detected org.springframework.web.servlet.view.DefaultRequestToViewNameTranslator@767a014e
23/48/2022 17:48:16.893 {main} DEBUG o.s.test.web.servlet.TestDispatcherServlet  - Detected org.springframework.web.servlet.support.SessionFlashMapManager@d109c4f
23/48/2022 17:48:16.894 {main} DEBUG o.s.test.web.servlet.TestDispatcherServlet  - enableLoggingRequestDetails='false': request parameters and headers will be masked to prevent unsafe logging of potentially sensitive data
23/48/2022 17:48:16.894 {main} INFO  o.s.test.web.servlet.TestDispatcherServlet  - Completed initialization in 5 ms
23/48/2022 17:48:16.958 {main} DEBUG o.s.test.web.servlet.TestDispatcherServlet  - PUT "/user/board/testUser@email.com/6", parameters={}
23/48/2022 17:48:16.962 {main} WARN  org.springframework.web.servlet.PageNotFound  - No mapping for PUT /user/board/testUser@email.com/6
23/48/2022 17:48:16.964 {main} DEBUG o.s.test.web.servlet.TestDispatcherServlet  - Completed 404 NOT_FOUND
