23/14/2022 18:14:40.207 {main} DEBUG _.s.web.servlet.HandlerMapping.Mappings  - 
	c.n.u.c.UserController:
	{POST [/user/register]}: register(User)
	{PUT [/user/board/addBoard/{email}/{boardId}]}: addBoard(String,int,HttpServletRequest)
	{DELETE [/user/board/deleteBoard/{email}/{boardId}]}: deleteBoard(String,int,HttpServletRequest)
	{GET [/user/board/all/{email}]}: getAllBoards(String,HttpServletRequest)
23/14/2022 18:14:40.227 {main} DEBUG o.s.w.s.m.m.a.RequestMappingHandlerMapping  - 4 mappings in org.springframework.web.servlet.mvc.method.annotation.RequestMappingHandlerMapping
23/14/2022 18:14:41.149 {main} DEBUG o.s.w.s.m.m.a.RequestMappingHandlerAdapter  - ControllerAdvice beans: 0 @ModelAttribute, 0 @InitBinder, 1 RequestBodyAdvice, 1 ResponseBodyAdvice
23/14/2022 18:14:41.220 {main} DEBUG o.s.w.s.m.m.a.ExceptionHandlerExceptionResolver  - ControllerAdvice beans: 0 @ExceptionHandler, 1 ResponseBodyAdvice
23/14/2022 18:14:41.257 {main} INFO  org.springframework.mock.web.MockServletContext  - Initializing Spring TestDispatcherServlet ''
23/14/2022 18:14:41.258 {main} INFO  o.s.test.web.servlet.TestDispatcherServlet  - Initializing Servlet ''
23/14/2022 18:14:41.262 {main} DEBUG o.s.test.web.servlet.TestDispatcherServlet  - Detected AcceptHeaderLocaleResolver
23/14/2022 18:14:41.262 {main} DEBUG o.s.test.web.servlet.TestDispatcherServlet  - Detected FixedThemeResolver
23/14/2022 18:14:41.262 {main} DEBUG o.s.test.web.servlet.TestDispatcherServlet  - Detected org.springframework.web.servlet.view.DefaultRequestToViewNameTranslator@d109c4f
23/14/2022 18:14:41.263 {main} DEBUG o.s.test.web.servlet.TestDispatcherServlet  - Detected org.springframework.web.servlet.support.SessionFlashMapManager@3968bc60
23/14/2022 18:14:41.263 {main} DEBUG o.s.test.web.servlet.TestDispatcherServlet  - enableLoggingRequestDetails='false': request parameters and headers will be masked to prevent unsafe logging of potentially sensitive data
23/14/2022 18:14:41.263 {main} INFO  o.s.test.web.servlet.TestDispatcherServlet  - Completed initialization in 5 ms
23/14/2022 18:14:41.600 {main} DEBUG o.s.test.web.servlet.TestDispatcherServlet  - DELETE "/user/board/deleteBoard/testUser@email.com/6", parameters={}
23/14/2022 18:14:41.622 {main} DEBUG o.s.w.s.m.m.a.RequestMappingHandlerMapping  - Mapped to com.niit.user.controller.UserController#deleteBoard(String, int, HttpServletRequest)
23/14/2022 18:14:41.796 {main} DEBUG o.s.w.s.m.m.annotation.HttpEntityMethodProcessor  - Using 'application/json', given [*/*] and supported [application/json, application/*+json]
23/14/2022 18:14:41.798 {main} DEBUG o.s.w.s.m.m.annotation.HttpEntityMethodProcessor  - Writing [true]
23/14/2022 18:14:41.823 {main} DEBUG o.s.test.web.servlet.TestDispatcherServlet  - Completed 200 OK
