23/54/2022 17:54:19.590 {main} DEBUG _.s.web.servlet.HandlerMapping.Mappings  - 
	c.n.u.c.UserController:
	{POST [/user/register]}: register(User)
	{PUT [/user/board/addBoard/{email}/{boardId}]}: addBoard(String,int,HttpServletRequest)
	{DELETE [/user/board/deleteBoard/{email}/{boardId}]}: deleteBoard(String,int)
	{GET [/user/board/all/{email}]}: getAllBoards(String)
23/54/2022 17:54:19.603 {main} DEBUG o.s.w.s.m.m.a.RequestMappingHandlerMapping  - 4 mappings in org.springframework.web.servlet.mvc.method.annotation.RequestMappingHandlerMapping
23/54/2022 17:54:20.292 {main} DEBUG o.s.w.s.m.m.a.RequestMappingHandlerAdapter  - ControllerAdvice beans: 0 @ModelAttribute, 0 @InitBinder, 1 RequestBodyAdvice, 1 ResponseBodyAdvice
23/54/2022 17:54:20.354 {main} DEBUG o.s.w.s.m.m.a.ExceptionHandlerExceptionResolver  - ControllerAdvice beans: 0 @ExceptionHandler, 1 ResponseBodyAdvice
23/54/2022 17:54:20.384 {main} INFO  org.springframework.mock.web.MockServletContext  - Initializing Spring TestDispatcherServlet ''
23/54/2022 17:54:20.385 {main} INFO  o.s.test.web.servlet.TestDispatcherServlet  - Initializing Servlet ''
23/54/2022 17:54:20.388 {main} DEBUG o.s.test.web.servlet.TestDispatcherServlet  - Detected AcceptHeaderLocaleResolver
23/54/2022 17:54:20.388 {main} DEBUG o.s.test.web.servlet.TestDispatcherServlet  - Detected FixedThemeResolver
23/54/2022 17:54:20.389 {main} DEBUG o.s.test.web.servlet.TestDispatcherServlet  - Detected org.springframework.web.servlet.view.DefaultRequestToViewNameTranslator@2f236de0
23/54/2022 17:54:20.389 {main} DEBUG o.s.test.web.servlet.TestDispatcherServlet  - Detected org.springframework.web.servlet.support.SessionFlashMapManager@4eba373c
23/54/2022 17:54:20.389 {main} DEBUG o.s.test.web.servlet.TestDispatcherServlet  - enableLoggingRequestDetails='false': request parameters and headers will be masked to prevent unsafe logging of potentially sensitive data
23/54/2022 17:54:20.389 {main} INFO  o.s.test.web.servlet.TestDispatcherServlet  - Completed initialization in 4 ms
23/54/2022 17:54:20.475 {main} DEBUG o.s.test.web.servlet.TestDispatcherServlet  - PUT "/user/board/addBoard/testUser@email.com/6", parameters={}
23/54/2022 17:54:20.482 {main} DEBUG o.s.w.s.m.m.a.RequestMappingHandlerMapping  - Mapped to com.niit.user.controller.UserController#addBoard(String, int, HttpServletRequest)
23/54/2022 17:54:20.564 {main} DEBUG o.s.w.s.m.m.annotation.HttpEntityMethodProcessor  - Using 'application/json', given [*/*] and supported [application/json, application/*+json]
23/54/2022 17:54:20.565 {main} DEBUG o.s.w.s.m.m.annotation.HttpEntityMethodProcessor  - Writing [true]
23/54/2022 17:54:20.585 {main} DEBUG o.s.test.web.servlet.TestDispatcherServlet  - Completed 201 CREATED
